This is pdfTeX, Version 3.1415926-2.3-1.40.12 (TeX Live 2012/dev/Arch Linux) (format=latex 2012.3.15)  13 JUN 2012 13:10
entering extended mode
 restricted \write18 enabled.
 %&-line parsing enabled.
**report.tex
(./report.tex
LaTeX2e <2011/06/27>
Babel <v3.8m> and hyphenation patterns for english, dumylang, nohyphenation, ge
rman-x-2011-07-01, ngerman-x-2011-07-01, afrikaans, ancientgreek, ibycus, arabi
c, armenian, basque, bulgarian, catalan, pinyin, coptic, croatian, czech, danis
h, dutch, ukenglish, usenglishmax, esperanto, estonian, ethiopic, farsi, finnis
h, french, galician, german, ngerman, swissgerman, monogreek, greek, hungarian,
 icelandic, assamese, bengali, gujarati, hindi, kannada, malayalam, marathi, or
iya, panjabi, tamil, telugu, indonesian, interlingua, irish, italian, kurmanji,
 lao, latin, latvian, lithuanian, mongolian, mongolianlmc, bokmal, nynorsk, pol
ish, portuguese, romanian, russian, sanskrit, serbian, serbianc, slovak, sloven
ian, spanish, swedish, turkish, turkmen, ukrainian, uppersorbian, welsh, loaded
.
(/usr/share/texmf-dist/tex/latex/base/report.cls
Document Class: report 2007/10/19 v1.4h Standard LaTeX document class
(/usr/share/texmf-dist/tex/latex/base/size11.clo
File: size11.clo 2007/10/19 v1.4h Standard LaTeX file (size option)
)
\c@part=\count79
\c@chapter=\count80
\c@section=\count81
\c@subsection=\count82
\c@subsubsection=\count83
\c@paragraph=\count84
\c@subparagraph=\count85
\c@figure=\count86
\c@table=\count87
\abovecaptionskip=\skip41
\belowcaptionskip=\skip42
\bibindent=\dimen102
)
(/usr/share/texmf-dist/tex/latex/amsmath/amsmath.sty
Package: amsmath 2000/07/18 v2.13 AMS math features
\@mathmargin=\skip43

For additional information on amsmath, use the `?' option.
(/usr/share/texmf-dist/tex/latex/amsmath/amstext.sty
Package: amstext 2000/06/29 v2.01

(/usr/share/texmf-dist/tex/latex/amsmath/amsgen.sty
File: amsgen.sty 1999/11/30 v2.0
\@emptytoks=\toks14
\ex@=\dimen103
))
(/usr/share/texmf-dist/tex/latex/amsmath/amsbsy.sty
Package: amsbsy 1999/11/29 v1.2d
\pmbraise@=\dimen104
)
(/usr/share/texmf-dist/tex/latex/amsmath/amsopn.sty
Package: amsopn 1999/12/14 v2.01 operator names
)
\inf@bad=\count88
LaTeX Info: Redefining \frac on input line 211.
\uproot@=\count89
\leftroot@=\count90
LaTeX Info: Redefining \overline on input line 307.
\classnum@=\count91
\DOTSCASE@=\count92
LaTeX Info: Redefining \ldots on input line 379.
LaTeX Info: Redefining \dots on input line 382.
LaTeX Info: Redefining \cdots on input line 467.
\Mathstrutbox@=\box26
\strutbox@=\box27
\big@size=\dimen105
LaTeX Font Info:    Redeclaring font encoding OML on input line 567.
LaTeX Font Info:    Redeclaring font encoding OMS on input line 568.
\macc@depth=\count93
\c@MaxMatrixCols=\count94
\dotsspace@=\muskip10
\c@parentequation=\count95
\dspbrk@lvl=\count96
\tag@help=\toks15
\row@=\count97
\column@=\count98
\maxfields@=\count99
\andhelp@=\toks16
\eqnshift@=\dimen106
\alignsep@=\dimen107
\tagshift@=\dimen108
\tagwidth@=\dimen109
\totwidth@=\dimen110
\lineht@=\dimen111
\@envbody=\toks17
\multlinegap=\skip44
\multlinetaggap=\skip45
\mathdisplay@stack=\toks18
LaTeX Info: Redefining \[ on input line 2666.
LaTeX Info: Redefining \] on input line 2667.
)
(/usr/share/texmf-dist/tex/latex/graphics/graphicx.sty
Package: graphicx 1999/02/16 v1.0f Enhanced LaTeX Graphics (DPC,SPQR)

(/usr/share/texmf-dist/tex/latex/graphics/keyval.sty
Package: keyval 1999/03/16 v1.13 key=value parser (DPC)
\KV@toks@=\toks19
)
(/usr/share/texmf-dist/tex/latex/graphics/graphics.sty
Package: graphics 2009/02/05 v1.0o Standard LaTeX Graphics (DPC,SPQR)

(/usr/share/texmf-dist/tex/latex/graphics/trig.sty
Package: trig 1999/03/16 v1.09 sin cos tan (DPC)
)
(/usr/share/texmf-dist/tex/latex/latexconfig/graphics.cfg
File: graphics.cfg 2010/04/23 v1.9 graphics configuration of TeX Live
)
Package graphics Info: Driver file: dvips.def on input line 91.

(/usr/share/texmf-dist/tex/latex/graphics/dvips.def
File: dvips.def 1999/02/16 v3.0i Driver-dependant file (DPC,SPQR)
))
\Gin@req@height=\dimen112
\Gin@req@width=\dimen113
)
(/usr/share/texmf-dist/tex/latex/tools/verbatim.sty
Package: verbatim 2003/08/22 v1.5q LaTeX2e package for verbatim enhancements
\every@verbatim=\toks20
\verbatim@line=\toks21
\verbatim@in@stream=\read1
)
(/usr/share/texmf-dist/tex/latex/graphics/color.sty
Package: color 2005/11/14 v1.0j Standard LaTeX Color (DPC)

(/usr/share/texmf-dist/tex/latex/latexconfig/color.cfg
File: color.cfg 2007/01/18 v1.5 color configuration of teTeX/TeXLive
)
Package color Info: Driver file: dvips.def on input line 130.

(/usr/share/texmf-dist/tex/latex/graphics/dvipsnam.def
File: dvipsnam.def 1999/02/16 v3.0i Driver-dependant file (DPC,SPQR)
))
(/usr/share/texmf-dist/tex/latex/hyperref/hyperref.sty
Package: hyperref 2011/11/21 v6.82l Hypertext links for LaTeX

(/usr/share/texmf-dist/tex/generic/oberdiek/hobsub-hyperref.sty
Package: hobsub-hyperref 2011/04/23 v1.4 Bundle oberdiek, subset hyperref (HO)

(/usr/share/texmf-dist/tex/generic/oberdiek/hobsub-generic.sty
Package: hobsub-generic 2011/04/23 v1.4 Bundle oberdiek, subset generic (HO)
Package: hobsub 2011/04/23 v1.4 Subsetting bundle oberdiek (HO)
Package: infwarerr 2010/04/08 v1.3 Providing info/warning/message (HO)
Package: ltxcmds 2011/04/18 v1.20 LaTeX kernel commands for general use (HO)
Package: ifluatex 2010/03/01 v1.3 Provides the ifluatex switch (HO)
Package ifluatex Info: LuaTeX not detected.
Package: ifvtex 2010/03/01 v1.5 Switches for detecting VTeX and its modes (HO)
Package ifvtex Info: VTeX not detected.
Package: intcalc 2007/09/27 v1.1 Expandable integer calculations (HO)
Package: ifpdf 2011/01/30 v2.3 Provides the ifpdf switch (HO)
Package ifpdf Info: pdfTeX in PDF mode is not detected.
Package: etexcmds 2011/02/16 v1.5 Prefix for e-TeX command names (HO)
Package etexcmds Info: Could not find \expanded.
(etexcmds)             That can mean that you are not using pdfTeX 1.50 or
(etexcmds)             that some package has redefined \expanded.
(etexcmds)             In the latter case, load this package earlier.
Package: kvsetkeys 2011/04/07 v1.13 Key value parser (HO)
Package: kvdefinekeys 2011/04/07 v1.3 Defining keys (HO)
Package: pdftexcmds 2011/04/22 v0.16 Utilities of pdfTeX for LuaTeX (HO)
Package pdftexcmds Info: LuaTeX not detected.
Package pdftexcmds Info: \pdf@primitive is available.
Package pdftexcmds Info: \pdf@ifprimitive is available.
Package pdftexcmds Info: \pdfdraftmode is ignored in DVI mode.
Package: pdfescape 2011/04/04 v1.12 Provides string conversions (HO)
Package: bigintcalc 2011/01/30 v1.2 Expandable big integer calculations (HO)
Package: bitset 2011/01/30 v1.1 Data type bit set (HO)
Package: uniquecounter 2011/01/30 v1.2 Provides unlimited unique counter (HO)
)
Package hobsub Info: Skipping package `hobsub' (already loaded).
Package: letltxmacro 2010/09/02 v1.4 Let assignment for LaTeX macros (HO)
Package: hopatch 2011/01/30 v1.0 Wrapper for package hooks (HO)
Package: xcolor-patch 2011/01/30 xcolor patch
Package: atveryend 2011/04/23 v1.7 Hooks at very end of document (HO)
Package: atbegshi 2011/01/30 v1.15 At begin shipout hook (HO)
Package: refcount 2010/12/01 v3.2 Data extraction from references (HO)
Package: hycolor 2011/01/30 v1.7 Color options of hyperref/bookmark (HO)
)
(/usr/share/texmf-dist/tex/generic/ifxetex/ifxetex.sty
Package: ifxetex 2010/09/12 v0.6 Provides ifxetex conditional
)
(/usr/share/texmf-dist/tex/latex/oberdiek/kvoptions.sty
Package: kvoptions 2010/12/23 v3.10 Keyval support for LaTeX options (HO)
)
\@linkdim=\dimen114
\Hy@linkcounter=\count100
\Hy@pagecounter=\count101

(/usr/share/texmf-dist/tex/latex/hyperref/pd1enc.def
File: pd1enc.def 2011/11/21 v6.82l Hyperref: PDFDocEncoding definition (HO)
)
\Hy@SavedSpaceFactor=\count102

(/usr/share/texmf-dist/tex/latex/latexconfig/hyperref.cfg
File: hyperref.cfg 2002/06/06 v1.2 hyperref configuration of TeXLive
)
Package hyperref Info: Hyper figures OFF on input line 4046.
Package hyperref Info: Link nesting OFF on input line 4051.
Package hyperref Info: Hyper index ON on input line 4054.
Package hyperref Info: Plain pages OFF on input line 4061.
Package hyperref Info: Backreferencing OFF on input line 4066.
Package hyperref Info: Implicit mode ON; LaTeX internals redefined.
Package hyperref Info: Bookmarks ON on input line 4284.
\c@Hy@tempcnt=\count103

(/usr/share/texmf-dist/tex/latex/url/url.sty
\Urlmuskip=\muskip11
Package: url 2006/04/12  ver 3.3  Verb mode for urls, etc.
)
LaTeX Info: Redefining \url on input line 4637.
\Fld@menulength=\count104
\Field@Width=\dimen115
\Fld@charsize=\dimen116
Package hyperref Info: Hyper figures OFF on input line 5757.
Package hyperref Info: Link nesting OFF on input line 5762.
Package hyperref Info: Hyper index ON on input line 5765.
Package hyperref Info: backreferencing OFF on input line 5772.
Package hyperref Info: Link coloring OFF on input line 5777.
Package hyperref Info: Link coloring with OCG OFF on input line 5782.
Package hyperref Info: PDF/A mode OFF on input line 5787.
LaTeX Info: Redefining \ref on input line 5827.
LaTeX Info: Redefining \pageref on input line 5831.
\Hy@abspage=\count105
\c@Item=\count106
\c@Hfootnote=\count107
)

Package hyperref Message: Driver (default): hdvips.

(/usr/share/texmf-dist/tex/latex/hyperref/hdvips.def
File: hdvips.def 2011/11/21 v6.82l Hyperref driver for dvips

(/usr/share/texmf-dist/tex/latex/hyperref/pdfmark.def
File: pdfmark.def 2011/11/21 v6.82l Hyperref definitions for pdfmark specials
\pdf@docset=\toks22
\pdf@box=\box28
\pdf@toks=\toks23
\pdf@defaulttoks=\toks24
\Fld@listcount=\count108
\c@bookmark@seq@number=\count109

(/usr/share/texmf-dist/tex/latex/oberdiek/rerunfilecheck.sty
Package: rerunfilecheck 2011/04/15 v1.7 Rerun checks for auxiliary files (HO)
Package uniquecounter Info: New unique counter `rerunfilecheck' on input line 2
82.
)
\Hy@SectionHShift=\skip46
))
(/usr/share/texmf-dist/tex/latex/amsfonts/amsfonts.sty
Package: amsfonts 2009/06/22 v3.00 Basic AMSFonts support
\symAMSa=\mathgroup4
\symAMSb=\mathgroup5
LaTeX Font Info:    Overwriting math alphabet `\mathfrak' in version `bold'
(Font)                  U/euf/m/n --> U/euf/b/n on input line 96.
)
(/usr/share/texmf-dist/tex/latex/amsfonts/amssymb.sty
Package: amssymb 2009/06/22 v3.00
)
(/usr/share/texmf-dist/tex/latex/amscls/amsthm.sty
Package: amsthm 2009/07/02 v2.20.1
\thm@style=\toks25
\thm@bodyfont=\toks26
\thm@headfont=\toks27
\thm@notefont=\toks28
\thm@headpunct=\toks29
\thm@preskip=\skip47
\thm@postskip=\skip48
\thm@headsep=\skip49
\dth@everypar=\toks30
) (./algorithmic.sty
Package: algorithmic 

Document Style `algorithmic' - environment
(/usr/share/texmf-dist/tex/latex/base/ifthen.sty
Package: ifthen 2001/05/26 v1.1c Standard LaTeX ifthen package (DPC)
)
(/usr/share/texmf-dist/tex/latex/tools/calc.sty
Package: calc 2007/08/22 v4.3 Infix arithmetic (KKT,FJ)
\calc@Acount=\count110
\calc@Bcount=\count111
\calc@Adimen=\dimen117
\calc@Bdimen=\dimen118
\calc@Askip=\skip50
\calc@Bskip=\skip51
LaTeX Info: Redefining \setlength on input line 76.
LaTeX Info: Redefining \addtolength on input line 77.
\calc@Ccount=\count112
\calc@Cskip=\skip52
)
\c@ALC@line=\count113
\c@ALC@rem=\count114
\ALC@tlm=\skip53
) (./algorithm.sty
\c@algorithm=\count115
\Blockindent=\skip54
\algorithmindent=\skip55
)
(/usr/share/texmf-dist/tex/latex/float/float.sty
Package: float 2001/11/08 v1.3d Float enhancements (AL)
\c@float@type=\count116
\float@exts=\toks31
\float@box=\box29
\@float@everytoks=\toks32
\@floatcapt=\box30
)
(/usr/share/texmf-dist/tex/latex/cite/cite.sty
LaTeX Info: Redefining \cite on input line 302.
LaTeX Info: Redefining \nocite on input line 373.
Package: cite 2010/09/10  v 5.3
)
(/usr/share/texmf-dist/tex/latex/pstricks/pstricks.sty
Package: pstricks 2011/10/31 v0.52 LaTeX wrapper for `PSTricks' (RN,HV)

(/usr/share/texmf-dist/tex/generic/pstricks/pstricks.tex
(/usr/share/texmf-dist/tex/generic/xkeyval/pst-xkey.tex
File: pst-xkey.tex 2005/11/25 v1.6 PSTricks specialization of xkeyval (HA)

(/usr/share/texmf-dist/tex/latex/xkeyval/xkeyval.sty
Package: xkeyval 2008/08/13 v2.6a package option processing (HA)

(/usr/share/texmf-dist/tex/generic/xkeyval/xkeyval.tex
\XKV@toks=\toks33
\XKV@tempa@toks=\toks34
\XKV@depth=\count117
File: xkeyval.tex 2008/08/13 v2.6a key=value parser (HA)
)))
(/usr/share/texmf-dist/tex/generic/pstricks/pst-fp.tex
`pst-fp' v0.05, 2010/01/17 (hv)
\pstFP@xs=\count118
\pstFP@xia=\count119
\pstFP@xib=\count120
\pstFP@xfa=\count121
\pstFP@xfb=\count122
\pstFP@rega=\count123
\pstFP@regb=\count124
\pstFP@regs=\count125
\pstFP@times=\count126
)
\psLoopIndex=\count127

`PSTricks' v2.23  <2011/09/04> (tvz)
\pst@dima=\dimen119
\pst@dimb=\dimen120
\pst@dimc=\dimen121
\pst@dimd=\dimen122
\pst@dimg=\dimen123
\pst@dimh=\dimen124
\pst@dimm=\dimen125
\pst@dimn=\dimen126
\pst@dimo=\dimen127
\pst@dimp=\dimen128
\pst@hbox=\box31
\pst@ibox=\box32
\pst@boxg=\box33
\pst@cnta=\count128
\pst@cntb=\count129
\pst@cntc=\count130
\pst@cntd=\count131
\pst@cntg=\count132
\pst@cnth=\count133
\pst@cntm=\count134
\pst@cntn=\count135
\pst@cnto=\count136
\pst@cntp=\count137
\@zero=\count138
\pst@toks=\toks35
(/usr/share/texmf-dist/tex/generic/pstricks/pstricks.con)
\psunit=\dimen129
\psxunit=\dimen130
\psyunit=\dimen131
\pst@C@@rType=\count139
\pslinewidth=\dimen132
\psk@startLW=\dimen133
\psk@endLW=\dimen134
\pst@customdefs=\toks36
\pslinearc=\dimen135
\pst@symbolStep=\dimen136
\pst@symbolWidth=\dimen137
\everypsbox=\toks37
\psframesep=\dimen138
\pslabelsep=\dimen139
\pst@shift=\dimen140
\theoverlaybox=\box34
)
File: pstricks.tex 2011/09/04 v2.23 `PSTricks' (tvz,hv)

(/usr/share/texmf-dist/tex/generic/pstricks/pst-fp.tex)
File: pst-fp.tex 2011/09/04 v2.23 `PST-fp' (hv)

(/usr/share/texmf-dist/tex/latex/xcolor/xcolor.sty
Package: xcolor 2007/01/21 v2.11 LaTeX color extensions (UK)

(/usr/share/texmf-dist/tex/latex/latexconfig/color.cfg
File: color.cfg 2007/01/18 v1.5 color configuration of teTeX/TeXLive
)
Package xcolor Info: Driver file: dvips.def on input line 225.
LaTeX Info: Redefining \color on input line 702.
Package xcolor Info: Model `cmy' substituted by `cmy0' on input line 1337.
Package xcolor Info: Model `RGB' extended on input line 1353.
Package xcolor Info: Model `HTML' substituted by `rgb' on input line 1355.
Package xcolor Info: Model `Hsb' substituted by `hsb' on input line 1356.
Package xcolor Info: Model `tHsb' substituted by `hsb' on input line 1357.
Package xcolor Info: Model `HSB' substituted by `hsb' on input line 1358.
Package xcolor Info: Model `Gray' substituted by `gray' on input line 1359.
Package xcolor Info: Model `wave' substituted by `hsb' on input line 1360.
))
(/usr/share/texmf-dist/tex/latex/pstricks-add/pstricks-add.sty
(/usr/share/texmf-dist/tex/latex/pst-plot/pst-plot.sty
Package: pst-plot 2011/06/05 v1.00 LaTeX wrapper for `pst-plot' (HV)

(/usr/share/texmf-dist/tex/latex/xkeyval/pst-xkey.sty
Package: pst-xkey 2005/11/25 v1.6 package wrapper for pst-xkey.tex (HA)
)
(/usr/share/texmf-dist/tex/latex/multido/multido.sty
Package: multido 2004/05/17 package wrapper for PSTricks `multido.tex', (HV/RN)


(/usr/share/texmf-dist/tex/generic/multido/multido.tex
 v1.42, 2010/05/14 <tvz>
\multido@count=\count140
\multidocount=\count141
\multido@stuff=\toks38
)
File: multido.tex 2010/05/14 v1.42 `multido' (tvz,hv)
)
Package: pst-plot 2011/04/13 package wrapper for pst-plot.tex (hv)

(/usr/share/texmf-dist/tex/generic/pst-plot/pst-plot.tex
 v1.34, 2011/11/07 (tvz,hv)
\pstRadUnit=\dimen141
\pstRadUnitInv=\dimen142
\pst@linecnt=\count142
\psxlabelsep=\dimen143
\psylabelsep=\dimen144
\psk@subticksize=\dimen145
\pst@xticksizeA=\dimen146
\pst@xticksizeB=\dimen147
\pst@xticksizeC=\dimen148
\pst@yticksizeA=\dimen149
\pst@yticksizeB=\dimen150
\pst@yticksizeC=\dimen151
\@digitcounter=\count143
\psk@llx=\dimen152
\psk@lly=\dimen153
\psk@urx=\dimen154
\psk@ury=\dimen155
\pst@xunit=\dimen156
\pst@yunit=\dimen157
)
File: pst-plot.tex 2011/11/07 1.34 `pst-plot' (tvz,hv)
)
(/usr/share/texmf-dist/tex/latex/pst-node/pst-node.sty
Package: pst-node 2011/06/05 v1.00 LaTeX wrapper for `pst-node' (HV)
Package: pst-node 2010/04/22 package wrapper for pst-node.tex

(/usr/share/texmf-dist/tex/generic/pst-node/pst-node.tex  v1.21, 2011/11/21
\psrow=\count144
\pscol=\count145
\psmatrixcnt=\count146
\psrowsep=\skip56
\pscolsep=\skip57
\pst@args=\count147
\num@pts=\count148
\pst@argcnt=\count149
)
File: pst-node.tex 2011/11/21 1.21 `pst-node' (tvz)
)
(/usr/share/texmf-dist/tex/latex/pst-3d/pst-3d.sty
Package: pst-3d 2009/07/28 package wrapper for pst-3d.tex (hv)

(/usr/share/texmf-dist/tex/generic/pst-3d/pst-3d.tex
`PST-3d' v1.11, 2010/02/14 (tvz))
File: pst-3d.tex 2010/02/14 v1.11 `PST-3d' (hv)
)
(/usr/share/texmf-dist/tex/latex/pst-math/pst-math.sty
Package: pst-math 2009/01/20 package wrapper for PSTricks pst-math.tex

(/usr/share/texmf-dist/tex/generic/pst-math/pst-math.tex
`pst-math' v0.62 , (CJ,hv))
File: pst-math.tex 2010/10/20 v0.62 `PST-math' (hv)
)
Package: pstricks-add 2010/02/11 v. 0.14 package wrapper for pstricks-add.tex (
hv)

(/usr/share/texmf-dist/tex/generic/pstricks-add/pstricks-add.tex
`pstricks-add' v3.54, 2011/08/20 (dr,hv)
\pshooklength=\dimen158
\pshookwidth=\dimen159
\pst@cntC=\count150
\chart@ColorIndex=\dimen160
\chart@ColorStep=\dimen161
\pst@chartHeight=\dimen162
\pst@chartStackDepth=\dimen163
\pst@chartStackWidth=\dimen164
\chart@Toggle=\count151
\psVectorCtr=\count152
)
File: pstricks-add.tex 2011/08/20 v3.54 `PSTricks-add' (hv)
Package pstricks-add Info: Local config file pstricks-add.cfg used on input lin
e 20.

(/usr/share/texmf-dist/tex/latex/pstricks-add/pstricks-add.cfg
File: pstricks-add.cfg 2005/01/10 v0.1 addtional user stuff (hv)
))
(/usr/share/texmf-dist/tex/latex/enumitem/enumitem.sty
Package: enumitem 2011/09/28 v3.5.2 Customized lists
\labelindent=\skip58
\enit@outerparindent=\dimen165
\enit@toks=\toks39
\enit@inbox=\box35
\enitdp@description=\count153
)
(/usr/share/texmf-dist/tex/latex/subfig/subfig.sty
Package: subfig 2005/06/28 ver: 1.3 subfig package

(/usr/share/texmf-dist/tex/latex/caption/caption.sty
Package: caption 2011/11/10 v3.2e Customizing captions (AR)

(/usr/share/texmf-dist/tex/latex/caption/caption3.sty
Package: caption3 2011/11/01 v1.4a caption3 kernel (AR)
\captionmargin=\dimen166
\captionmargin@=\dimen167
\captionwidth=\dimen168
\caption@indent=\dimen169
\caption@parindent=\dimen170
\caption@hangindent=\dimen171
)
\c@ContinuedFloat=\count154
Package caption Info: float package is loaded.
Package caption Info: hyperref package is loaded.
)
\c@KVtest=\count155
\sf@farskip=\skip59
\sf@captopadj=\dimen172
\sf@capskip=\skip60
\sf@nearskip=\skip61
\c@subfigure=\count156
\c@subfigure@save=\count157
\c@lofdepth=\count158
\c@subtable=\count159
\c@subtable@save=\count160
\c@lotdepth=\count161
\sf@top=\skip62
\sf@bottom=\skip63
)
\c@proposition=\count162
\c@definition=\count163
\c@lemma=\count164
\c@theorem=\count165
\c@corollary=\count166
\c@example=\count167
 (./report.aux)
\openout1 = `report.aux'.

LaTeX Font Info:    Checking defaults for OML/cmm/m/it on input line 78.
LaTeX Font Info:    ... okay on input line 78.
LaTeX Font Info:    Checking defaults for T1/cmr/m/n on input line 78.
LaTeX Font Info:    ... okay on input line 78.
LaTeX Font Info:    Checking defaults for OT1/cmr/m/n on input line 78.
LaTeX Font Info:    ... okay on input line 78.
LaTeX Font Info:    Checking defaults for OMS/cmsy/m/n on input line 78.
LaTeX Font Info:    ... okay on input line 78.
LaTeX Font Info:    Checking defaults for OMX/cmex/m/n on input line 78.
LaTeX Font Info:    ... okay on input line 78.
LaTeX Font Info:    Checking defaults for U/cmr/m/n on input line 78.
LaTeX Font Info:    ... okay on input line 78.
LaTeX Font Info:    Checking defaults for PD1/pdf/m/n on input line 78.
LaTeX Font Info:    ... okay on input line 78.
\AtBeginShipoutBox=\box36
Package hyperref Info: Link coloring OFF on input line 78.

(/usr/share/texmf-dist/tex/latex/hyperref/nameref.sty
Package: nameref 2010/04/30 v2.40 Cross-referencing by name of section

(/usr/share/texmf-dist/tex/generic/oberdiek/gettitlestring.sty
Package: gettitlestring 2010/12/03 v1.4 Cleanup title references (HO)
)
\c@section@level=\count168
)
LaTeX Info: Redefining \ref on input line 78.
LaTeX Info: Redefining \pageref on input line 78.
LaTeX Info: Redefining \nameref on input line 78.
 (./report.out) (./report.out)
\@outlinefile=\write3
\openout3 = `report.out'.

Package caption Info: Begin \AtBeginDocument code.
Package caption Info: subfig package v1.3 is loaded.
Package caption Info: End \AtBeginDocument code.
 (./cover.tex
File: logo_epfl_coul.eps Graphic file (type eps)
 <logo_epfl_coul.eps>
LaTeX Font Info:    Try loading font information for U+msa on input line 69.

(/usr/share/texmf-dist/tex/latex/amsfonts/umsa.fd
File: umsa.fd 2009/06/22 v3.00 AMS symbols A
)
LaTeX Font Info:    Try loading font information for U+msb on input line 69.

(/usr/share/texmf-dist/tex/latex/amsfonts/umsb.fd
File: umsb.fd 2009/06/22 v3.00 AMS symbols B
)
File: logo_lasec_coul.eps Graphic file (type eps)
 <logo_lasec_coul.eps>)
[1

] [2

] (./report.toc)
\tf@toc=\write4
\openout4 = `report.toc'.

 (./introduction.tex [3] [4

]
Chapter 1.

Underfull \vbox (badness 1308) has occurred while \output is active []

 [5])
(./preliminaries.tex [6]
Chapter 2.
[7

] [8]) (./mova.tex [9] [10

]
Chapter 3.
[11] [12]
Overfull \hbox (1.83281pt too wide) detected at line 162
[]
 []


LaTeX Warning: `!h' float specifier changed to `!ht'.

[13]
Overfull \hbox (67.23894pt too wide) detected at line 214
[]
 []


LaTeX Warning: `!h' float specifier changed to `!ht'.


Overfull \hbox (8.52754pt too wide) in paragraph at lines 221--225
\OT1/cmr/m/n/10.95 MOVA has some ad-van-tages, when com-par-ing it to clas-si-c
al sig-na-ture schemes.
 []

[14]) (./application.tex [15] [16

]
Chapter 4.

LaTeX Warning: `!h' float specifier changed to `!ht'.

[17] [18] [19]
LaTeX Font Info:    Try loading font information for OMS+cmr on input line 107.

 (/usr/share/texmf-dist/tex/latex/base/omscmr.fd
File: omscmr.fd 1999/05/25 v2.5h Standard LaTeX font definitions
)
LaTeX Font Info:    Font shape `OMS/cmr/m/n' in size <10.95> not available
(Font)              Font shape `OMS/cmsy/m/n' tried instead on input line 107.
) (./design.tex
[20]
Chapter 5.
[21

]
LaTeX Font Info:    Font shape `OT1/cmtt/bx/n' in size <10.95> not available
(Font)              Font shape `OT1/cmtt/m/n' tried instead on input line 54.
 [22] [23]) (./conclusion.tex [24]
Chapter 6.
) (./report.bbl [25

] [26

]
Underfull \hbox (badness 10000) in paragraph at lines 12--16
[]\OT1/cmr/m/n/10.95 Paulo Bar-retto, Keith Bur-dis, Ed-ward Kmett, Olivier
 []


Underfull \hbox (badness 10000) in paragraph at lines 12--16
\OT1/cmr/m/n/10.95 Louchart-Fletcher, Casey Mar-shall, Raif Naf-fah, Mark
 []


Underfull \hbox (badness 10000) in paragraph at lines 12--16
\OT1/cmr/m/n/10.95 Wielaard, and Thomas Wu.  The gnu crypto project.
 []

)
Package atveryend Info: Empty hook `BeforeClearDocument' on input line 94.
 [27]
Package atveryend Info: Empty hook `AfterLastShipout' on input line 94.
 (./report.aux)
Package atveryend Info: Empty hook `AtVeryEndDocument' on input line 94.
Package atveryend Info: Executing hook `AtEndAfterFileList' on input line 94.
Package rerunfilecheck Info: File `report.out' has not changed.
(rerunfilecheck)             Checksum: E3A24DFF94725A7AAFE802F3C906EDD2;1645.
 ) 
Here is how much of TeX's memory you used:
 11158 strings out of 493630
 164997 string characters out of 3148801
 336947 words of memory out of 3000000
 14265 multiletter control sequences out of 15000+200000
 14960 words of font info for 56 fonts, out of 3000000 for 9000
 831 hyphenation exceptions out of 8191
 61i,21n,96p,586b,481s stack positions out of 5000i,500n,10000p,200000b,50000s

Output written on report.dvi (27 pages, 112824 bytes).
