This file contains any messages produced by compilers while
running configure, to aid debugging if configure makes a mistake.

It was created by gnu-crypto configure 2.1.0, which was
generated by GNU Autoconf 2.59.  Invocation command line was

  $ ./configure 

## --------- ##
## Platform. ##
## --------- ##

hostname = sebastien-laptop
uname -m = x86_64
uname -r = 3.2.9-1-ARCH
uname -s = Linux
uname -v = #1 SMP PREEMPT Thu Mar 1 09:31:13 CET 2012

/usr/bin/uname -p = unknown
/bin/uname -X     = unknown

/bin/arch              = x86_64
/usr/bin/arch -k       = unknown
/usr/convex/getsysinfo = unknown
hostinfo               = unknown
/bin/machine           = unknown
/usr/bin/oslevel       = unknown
/bin/universe          = unknown

PATH: /usr/lib/jdk/bin
PATH: /usr/share/ant/bin
PATH: /usr/local/bin
PATH: /usr/bin
PATH: /bin
PATH: /usr/local/sbin
PATH: /usr/sbin
PATH: /sbin
PATH: /usr/bin/core_perl


## ----------- ##
## Core tests. ##
## ----------- ##

configure:1329: checking for a BSD-compatible install
configure:1384: result: /bin/install -c
configure:1395: checking whether build environment is sane
configure:1438: result: yes
configure:1503: checking for gawk
configure:1519: found /usr/bin/gawk
configure:1529: result: gawk
configure:1539: checking whether make sets $(MAKE)
configure:1559: result: yes
configure:1722: checking how to create a ustar tar archive
configure:1735: tar --version
tar (GNU tar) 1.26
Copyright (C) 2011 Free Software Foundation, Inc.
License GPLv3+: GNU GPL version 3 or later <http://gnu.org/licenses/gpl.html>.
This is free software: you are free to change and redistribute it.
There is NO WARRANTY, to the extent permitted by law.

Written by John Gilmore and Jay Fenlason.
configure:1738: $? = 0
configure:1778: tardir=conftest.dir && eval tar --format=ustar -chf - "$tardir" >conftest.tar
configure:1781: $? = 0
configure:1785: tar -xf - <conftest.tar
configure:1788: $? = 0
configure:1801: result: gnutar
configure:1834: checking whether to enable maintainer-specific portions of Makefiles
configure:1843: result: no
configure:1884: checking for jikes
configure:1913: result: no
configure:1884: checking for javac
configure:1900: found /usr/lib/jdk/bin/javac
configure:1910: result: javac
configure:1967: checking if javac works
configure:1981: javac  Test.java
configure:1984: $? = 0
configure:1997: result: yes
configure:2009: checking for kaffe
configure:2038: result: no
configure:2009: checking for java
configure:2025: found /usr/lib/jdk/bin/java
configure:2035: result: java
configure:2094: checking for uudecode
configure:2123: result: no
configure:2160: WARNING: I have to compile Test.class from scratch
configure:2295: checking if java works
configure:2313: javac  Test.java
configure:2316: $? = 0
configure:2328: java  Test
configure:2331: $? = 0
configure:2344: result: yes
configure:2355: checking for jar
configure:2371: found /usr/lib/jdk/bin/jar
configure:2381: result: jar
configure:2410: checking build system type
configure:2428: result: x86_64-unknown-linux-gnu
configure:2436: checking host system type
configure:2450: result: x86_64-unknown-linux-gnu
configure:2459: checking for Windows and DOS and OS/2 style pathnames
configure:2472: result: no
configure:2674: creating ./config.status

## ---------------------- ##
## Running config.status. ##
## ---------------------- ##

This file was extended by gnu-crypto config.status 2.1.0, which was
generated by GNU Autoconf 2.59.  Invocation command line was

  CONFIG_FILES    = 
  CONFIG_HEADERS  = 
  CONFIG_LINKS    = 
  CONFIG_COMMANDS = 
  $ ./config.status 

on sebastien-laptop

config.status:685: creating Makefile
config.status:685: creating source/Makefile
config.status:685: creating source/gnu/crypto/Registry.java
config.status:685: creating source/gnu/testlet/config.java
config.status:685: creating source/mauve-gnu-crypto
config.status:685: creating docs/Makefile
config.status:685: creating docs/diagrams/Makefile

## ---------------- ##
## Cache variables. ##
## ---------------- ##

ac_cv_build=x86_64-unknown-linux-gnu
ac_cv_build_alias=x86_64-unknown-linux-gnu
ac_cv_env_CLASSPATH_set=
ac_cv_env_CLASSPATH_value=
ac_cv_env_JAR_set=
ac_cv_env_JAR_value=
ac_cv_env_JAVACFLAGS_set=
ac_cv_env_JAVACFLAGS_value=
ac_cv_env_JAVAC_set=
ac_cv_env_JAVAC_value=
ac_cv_env_JAVAFLAGS_set=
ac_cv_env_JAVAFLAGS_value=
ac_cv_env_JAVA_set=
ac_cv_env_JAVA_value=
ac_cv_env_build_alias_set=
ac_cv_env_build_alias_value=
ac_cv_env_host_alias_set=
ac_cv_env_host_alias_value=
ac_cv_env_target_alias_set=
ac_cv_env_target_alias_value=
ac_cv_host=x86_64-unknown-linux-gnu
ac_cv_host_alias=x86_64-unknown-linux-gnu
ac_cv_path_install='/bin/install -c'
ac_cv_prog_AWK=gawk
ac_cv_prog_JAR=jar
ac_cv_prog_JAVA=java
ac_cv_prog_JAVAC=javac
ac_cv_prog_java_works=yes
ac_cv_prog_javac_works=yes
ac_cv_prog_make_make_set=yes
acx_cv_pathname_style_dos=no
am_cv_prog_tar_ustar=gnutar

## ----------------- ##
## Output variables. ##
## ----------------- ##

ACLOCAL='${SHELL} /home/sduc/epfl/projects/signature-project/gnu-crypto-2.1.0/missing --run aclocal-1.9'
AMTAR='${SHELL} /home/sduc/epfl/projects/signature-project/gnu-crypto-2.1.0/missing --run tar'
AUTOCONF='${SHELL} /home/sduc/epfl/projects/signature-project/gnu-crypto-2.1.0/missing --run autoconf'
AUTOHEADER='${SHELL} /home/sduc/epfl/projects/signature-project/gnu-crypto-2.1.0/missing --run autoheader'
AUTOMAKE='${SHELL} /home/sduc/epfl/projects/signature-project/gnu-crypto-2.1.0/missing --run automake-1.9'
AWK='gawk'
CHECK_FILE_SEPARATOR='/'
CHECK_PATH_SEPARATOR=':'
CLASSPATH='.'
CYGPATH_W='echo'
DEFS='-DPACKAGE_NAME=\"gnu-crypto\" -DPACKAGE_TARNAME=\"gnu-crypto\" -DPACKAGE_VERSION=\"2.1.0\" -DPACKAGE_STRING=\"gnu-crypto\ 2.1.0\" -DPACKAGE_BUGREPORT=\"gnu-crypto-discuss@gnu.org\" -DPACKAGE=\"gnu-crypto\" -DVERSION=\"2.1.0\" '
ECHO_C=''
ECHO_N='-n'
ECHO_T=''
FOUND_SECURITY_JAR_FALSE='#'
FOUND_SECURITY_JAR_TRUE=''
GENERATED='// THIS IS A GENERATED FILE, DO NOT EDIT -*- buffer-read-only: t -*-]'
INSTALL_DATA='${INSTALL} -m 644'
INSTALL_PROGRAM='${INSTALL}'
INSTALL_SCRIPT='${INSTALL}'
INSTALL_STRIP_PROGRAM='${SHELL} $(install_sh) -c -s'
JAR='jar'
JAVA='java'
JAVAC='javac'
JAVACFLAGS=''
JAVAFLAGS=''
LIBOBJS=''
LIBS=''
LIBVERSION='2:1'
LTLIBOBJS=''
MAINT='#'
MAINTAINER_MODE_FALSE=''
MAINTAINER_MODE_TRUE='#'
MAKEINFO='${SHELL} /home/sduc/epfl/projects/signature-project/gnu-crypto-2.1.0/missing --run makeinfo'
PACKAGE='gnu-crypto'
PACKAGE_BUGREPORT='gnu-crypto-discuss@gnu.org'
PACKAGE_NAME='gnu-crypto'
PACKAGE_STRING='gnu-crypto 2.1.0'
PACKAGE_TARNAME='gnu-crypto'
PACKAGE_VERSION='2.1.0'
PATH_SEPARATOR=':'
SET_MAKE=''
SHELL='/bin/sh'
SRCDIR='/home/sduc/epfl/projects/signature-project/gnu-crypto-2.1.0'
STRIP=''
TMPDIR='/tmp'
VERSION='2.1.0'
WITH_INCLUDED_GETOPT_FALSE='#'
WITH_INCLUDED_GETOPT_TRUE=''
ac_ct_STRIP=''
am__leading_dot='.'
am__tar='tar --format=ustar -chf - "$$tardir"'
am__untar='tar -xf -'
bindir='${exec_prefix}/bin'
build='x86_64-unknown-linux-gnu'
build_alias=''
build_cpu='x86_64'
build_os='linux-gnu'
build_vendor='unknown'
datadir='${prefix}/share'
exec_prefix='${prefix}'
host='x86_64-unknown-linux-gnu'
host_alias=''
host_cpu='x86_64'
host_os='linux-gnu'
host_vendor='unknown'
includedir='${prefix}/include'
infodir='${prefix}/info'
install_sh='/home/sduc/epfl/projects/signature-project/gnu-crypto-2.1.0/install-sh'
libdir='${exec_prefix}/lib'
libexecdir='${exec_prefix}/libexec'
localstatedir='${prefix}/var'
mandir='${prefix}/man'
mkdir_p='mkdir -p --'
oldincludedir='/usr/include'
prefix='/usr/local/gnu-crypto'
program_transform_name='s,x,x,'
sbindir='${exec_prefix}/sbin'
sharedstatedir='${prefix}/com'
sysconfdir='${prefix}/etc'
target_alias=''
uudecode=''

## ----------- ##
## confdefs.h. ##
## ----------- ##

#define PACKAGE "gnu-crypto"
#define PACKAGE_BUGREPORT "gnu-crypto-discuss@gnu.org"
#define PACKAGE_NAME "gnu-crypto"
#define PACKAGE_STRING "gnu-crypto 2.1.0"
#define PACKAGE_TARNAME "gnu-crypto"
#define PACKAGE_VERSION "2.1.0"
#define VERSION "2.1.0"

configure: exit 0
